<?xml version="1.0" encoding="UTF-8"?>
<testsuite xmlns:xsi="http://www.w3.org/2001/XMLSchema-instance" xsi:noNamespaceSchemaLocation="https://maven.apache.org/surefire/maven-surefire-plugin/xsd/surefire-test-report-3.0.xsd" version="3.0" name="org.springframework.samples.petclinic.MySqlIntegrationTests" time="67.695" tests="2" errors="0" skipped="0" failures="0">
  <properties>
[...]
</properties>
  <testcase name="testFindAll" classname="org.springframework.samples.petclinic.MySqlIntegrationTests" time="1.59">
    <system-out><![CDATA[21:46:00.219 [main] INFO org.springframework.test.context.support.AnnotationConfigContextLoaderUtils -- Could not detect default configuration classes for test class [org.springframework.samples.petclinic.MySqlIntegrationTests]: MySqlIntegrationTests does not declare any static, non-private, non-final, nested classes annotated with @Configuration.
21:46:00.964 [main] INFO org.testcontainers.utility.ImageNameSubstitutor -- Image name substitution will be performed by: DefaultImageNameSubstitutor (composite of 'ConfigurationFileImageNameSubstitutor' and 'PrefixingImageNameSubstitutor')
21:46:02.607 [main] INFO org.testcontainers.dockerclient.DockerClientProviderStrategy -- Loaded org.testcontainers.dockerclient.NpipeSocketClientProviderStrategy from ~/.testcontainers.properties, will try it first
21:46:03.869 [main] INFO org.testcontainers.dockerclient.DockerClientProviderStrategy -- Found Docker environment with local Npipe socket (npipe:////./pipe/docker_engine)
21:46:03.869 [main] INFO org.testcontainers.DockerClientFactory -- Docker host IP address is localhost
21:46:03.955 [main] INFO org.testcontainers.DockerClientFactory -- Connected to docker: 
  Server Version: 24.0.2
  API Version: 1.43
  Operating System: Docker Desktop
  Total Memory: 3909 MB
21:46:04.070 [main] INFO tc.testcontainers/ryuk:0.4.0 -- Creating container for image: testcontainers/ryuk:0.4.0
21:46:04.871 [main] INFO tc.testcontainers/ryuk:0.4.0 -- Container testcontainers/ryuk:0.4.0 is starting: 5b560316e1c174ac6f555322582871ae7d33a9abdea162420e1bc5f57e4c9ece
21:46:06.175 [main] INFO tc.testcontainers/ryuk:0.4.0 -- Container testcontainers/ryuk:0.4.0 started in PT2.1861226S
21:46:06.202 [main] INFO org.testcontainers.utility.RyukResourceReaper -- Ryuk started - will monitor and terminate Testcontainers containers on JVM exit
21:46:06.203 [main] INFO org.testcontainers.DockerClientFactory -- Checking the system...
21:46:06.205 [main] INFO org.testcontainers.DockerClientFactory -- ✔︎ Docker server version should be at least 1.6.0
21:46:06.757 [main] INFO org.springframework.boot.test.context.SpringBootTestContextBootstrapper -- Found @SpringBootConfiguration org.springframework.samples.petclinic.PetClinicApplication for test class org.springframework.samples.petclinic.MySqlIntegrationTests
21:46:07.190 [main] INFO tc.mysql:5.7 -- Creating container for image: mysql:5.7
21:46:07.503 [main] INFO tc.mysql:5.7 -- Container mysql:5.7 is starting: f325a41d9356472cfe8a4d07d3e70e3621b6e3b0d2eb830b39550210988a13f2
21:46:08.337 [main] INFO tc.mysql:5.7 -- Waiting for database connection to become available at jdbc:mysql://localhost:53935/test using query 'SELECT 1'
21:46:25.653 [main] INFO tc.mysql:5.7 -- Container mysql:5.7 started in PT18.4629232S
21:46:25.653 [main] INFO tc.mysql:5.7 -- Container is started (JDBC URL: jdbc:mysql://localhost:53935/test)


              |\      _,,,--,,_
             /,`.-'`'   ._  \-;;,_
  _______ __|,4-  ) )_   .;.(__`'-'__     ___ __    _ ___ _______
 |       | '---''(_/._)-'(_\_)   |   |   |   |  |  | |   |       |
 |    _  |    ___|_     _|       |   |   |   |   |_| |   |       | __ _ _
 |   |_| |   |___  |   | |       |   |   |   |       |   |       | \ \ \ \
 |    ___|    ___| |   | |      _|   |___|   |  _    |   |      _|  \ \ \ \
 |   |   |   |___  |   | |     |_|       |   | | |   |   |     |_    ) ) ) )
 |___|   |_______| |___| |_______|_______|___|_|  |__|___|_______|  / / / /
 ==================================================================/_/_/_/

:: Built with Spring Boot :: 3.1.0


2023-06-19T21:46:26.938+01:00  INFO 4020 --- [           main] o.s.s.petclinic.MySqlIntegrationTests    : Starting MySqlIntegrationTests using Java 20.0.1 with PID 4020 (started by radek in c:\Users\radek\LocalData\DemoMonet-Production\spring-petclinic)
2023-06-19T21:46:26.938+01:00  INFO 4020 --- [           main] o.s.s.petclinic.MySqlIntegrationTests    : The following 1 profile is active: "mysql"
2023-06-19T21:46:29.887+01:00  INFO 4020 --- [           main] .s.d.r.c.RepositoryConfigurationDelegate : Bootstrapping Spring Data JPA repositories in DEFAULT mode.
2023-06-19T21:46:30.111+01:00  INFO 4020 --- [           main] .s.d.r.c.RepositoryConfigurationDelegate : Finished Spring Data repository scanning in 190 ms. Found 2 JPA repository interfaces.
2023-06-19T21:46:32.213+01:00  INFO 4020 --- [           main] o.s.b.w.embedded.tomcat.TomcatWebServer  : Tomcat initialized with port(s): 0 (http)
2023-06-19T21:46:32.254+01:00  INFO 4020 --- [           main] o.apache.catalina.core.StandardService   : Starting service [Tomcat]
2023-06-19T21:46:32.254+01:00  INFO 4020 --- [           main] o.apache.catalina.core.StandardEngine    : Starting Servlet engine: [Apache Tomcat/10.1.8]
2023-06-19T21:46:32.548+01:00  INFO 4020 --- [           main] o.a.c.c.C.[Tomcat].[localhost].[/]       : Initializing Spring embedded WebApplicationContext
2023-06-19T21:46:32.548+01:00  INFO 4020 --- [           main] w.s.c.ServletWebServerApplicationContext : Root WebApplicationContext: initialization completed in 5465 ms
2023-06-19T21:46:33.235+01:00  INFO 4020 --- [           main] com.zaxxer.hikari.HikariDataSource       : HikariPool-1 - Starting...
2023-06-19T21:46:33.928+01:00  INFO 4020 --- [           main] com.zaxxer.hikari.pool.HikariPool        : HikariPool-1 - Added connection com.mysql.cj.jdbc.ConnectionImpl@42630ea9
2023-06-19T21:46:33.931+01:00  INFO 4020 --- [           main] com.zaxxer.hikari.HikariDataSource       : HikariPool-1 - Start completed.
2023-06-19T21:46:35.170+01:00  INFO 4020 --- [           main] o.hibernate.jpa.internal.util.LogHelper  : HHH000204: Processing PersistenceUnitInfo [name: default]
2023-06-19T21:46:35.414+01:00  INFO 4020 --- [           main] org.hibernate.Version                    : HHH000412: Hibernate ORM core version 6.2.2.Final
2023-06-19T21:46:35.414+01:00  INFO 4020 --- [           main] org.hibernate.cfg.Environment            : HHH000406: Using bytecode reflection optimizer
2023-06-19T21:46:35.951+01:00  INFO 4020 --- [           main] o.h.b.i.BytecodeProviderInitiator        : HHH000021: Bytecode provider name : bytebuddy
2023-06-19T21:46:36.459+01:00  INFO 4020 --- [           main] o.s.o.j.p.SpringPersistenceUnitInfo      : No LoadTimeWeaver setup: ignoring JPA class transformer
2023-06-19T21:46:36.729+01:00  INFO 4020 --- [           main] org.hibernate.orm.dialect                : HHH035001: Using dialect: org.hibernate.dialect.MySQLDialect, version: 5.7.42
2023-06-19T21:46:37.747+01:00  INFO 4020 --- [           main] o.h.b.i.BytecodeProviderInitiator        : HHH000021: Bytecode provider name : bytebuddy
2023-06-19T21:46:40.479+01:00  INFO 4020 --- [           main] o.h.e.t.j.p.i.JtaPlatformInitiator       : HHH000490: Using JtaPlatform implementation: [org.hibernate.engine.transaction.jta.platform.internal.NoJtaPlatform]
2023-06-19T21:46:40.490+01:00  INFO 4020 --- [           main] j.LocalContainerEntityManagerFactoryBean : Initialized JPA EntityManagerFactory for persistence unit 'default'
2023-06-19T21:46:40.536+01:00  INFO 4020 --- [           main] tc.mysql:5.7                             : Creating container for image: mysql:5.7
2023-06-19T21:46:40.762+01:00  INFO 4020 --- [           main] tc.mysql:5.7                             : Container mysql:5.7 is starting: 56453e4d0dd4dabe2de271d278c252baa9bd4773f8b2283314db729b1b52ed9b
2023-06-19T21:46:41.556+01:00  INFO 4020 --- [           main] tc.mysql:5.7                             : Waiting for database connection to become available at jdbc:mysql://localhost:54072/test using query 'SELECT 1'
2023-06-19T21:46:58.080+01:00  INFO 4020 --- [           main] tc.mysql:5.7                             : Container mysql:5.7 started in PT17.5432472S
2023-06-19T21:46:58.080+01:00  INFO 4020 --- [           main] tc.mysql:5.7                             : Container is started (JDBC URL: jdbc:mysql://localhost:54072/test)
2023-06-19T21:46:58.962+01:00  INFO 4020 --- [           main] o.s.d.j.r.query.QueryEnhancerFactory     : Hibernate is in classpath; If applicable, HQL parser will be used.
2023-06-19T21:47:02.736+01:00  INFO 4020 --- [           main] o.s.b.a.e.web.EndpointLinksResolver      : Exposing 13 endpoint(s) beneath base path '/actuator'
2023-06-19T21:47:02.981+01:00  INFO 4020 --- [           main] o.s.b.w.embedded.tomcat.TomcatWebServer  : Tomcat started on port(s): 54199 (http) with context path ''
2023-06-19T21:47:03.028+01:00  INFO 4020 --- [           main] o.s.s.petclinic.MySqlIntegrationTests    : Started MySqlIntegrationTests in 37.255 seconds (process running for 69.286)
]]></system-out>
  </testcase>
  <testcase name="testOwnerDetails" classname="org.springframework.samples.petclinic.MySqlIntegrationTests" time="1.741">
    <system-out><![CDATA[2023-06-19T21:47:05.096+01:00  INFO 4020 --- [o-auto-1-exec-1] o.a.c.c.C.[Tomcat].[localhost].[/]       : Initializing Spring DispatcherServlet 'dispatcherServlet'
2023-06-19T21:47:05.096+01:00  INFO 4020 --- [o-auto-1-exec-1] o.s.web.servlet.DispatcherServlet        : Initializing Servlet 'dispatcherServlet'
2023-06-19T21:47:05.112+01:00  INFO 4020 --- [o-auto-1-exec-1] o.s.web.servlet.DispatcherServlet        : Completed initialization in 0 ms
]]></system-out>
  </testcase>
</testsuite>